2025-01-20T00:48:02.191+01:00  INFO 3552 --- [main] com.Fahde.ERMS                           : Starting ERMS using Java 22.0.2 with PID 3552 (D:\Spring boot security\Employee Records Management System\target\classes started by Fahde in D:\Spring boot security\Employee Records Management System)
2025-01-20T00:48:02.194+01:00 DEBUG 3552 --- [main] com.Fahde.ERMS                           : Running with Spring Boot v3.1.4, Spring v6.0.12
2025-01-20T00:48:02.195+01:00  INFO 3552 --- [main] com.Fahde.ERMS                           : No active profile set, falling back to 1 default profile: "default"
2025-01-20T00:48:03.194+01:00  INFO 3552 --- [main] .s.d.r.c.RepositoryConfigurationDelegate : Bootstrapping Spring Data JPA repositories in DEFAULT mode.
2025-01-20T00:48:03.327+01:00  INFO 3552 --- [main] .s.d.r.c.RepositoryConfigurationDelegate : Finished Spring Data repository scanning in 120 ms. Found 4 JPA repository interfaces.
2025-01-20T00:48:04.789+01:00  INFO 3552 --- [main] o.s.b.w.embedded.tomcat.TomcatWebServer  : Tomcat initialized with port(s): 8080 (http)
2025-01-20T00:48:04.798+01:00  INFO 3552 --- [main] o.apache.catalina.core.StandardService   : Starting service [Tomcat]
2025-01-20T00:48:04.799+01:00  INFO 3552 --- [main] o.apache.catalina.core.StandardEngine    : Starting Servlet engine: [Apache Tomcat/10.1.13]
2025-01-20T00:48:04.888+01:00  INFO 3552 --- [main] o.a.c.c.C.[Tomcat].[localhost].[/]       : Initializing Spring embedded WebApplicationContext
2025-01-20T00:48:04.889+01:00  INFO 3552 --- [main] w.s.c.ServletWebServerApplicationContext : Root WebApplicationContext: initialization completed in 2620 ms
2025-01-20T00:48:05.086+01:00  INFO 3552 --- [main] o.hibernate.jpa.internal.util.LogHelper  : HHH000204: Processing PersistenceUnitInfo [name: default]
2025-01-20T00:48:05.221+01:00  INFO 3552 --- [main] org.hibernate.Version                    : HHH000412: Hibernate ORM core version 6.2.9.Final
2025-01-20T00:48:05.225+01:00  INFO 3552 --- [main] org.hibernate.cfg.Environment            : HHH000406: Using bytecode reflection optimizer
2025-01-20T00:48:05.405+01:00  INFO 3552 --- [main] o.h.b.i.BytecodeProviderInitiator        : HHH000021: Bytecode provider name : bytebuddy
2025-01-20T00:48:05.583+01:00  INFO 3552 --- [main] o.s.o.j.p.SpringPersistenceUnitInfo      : No LoadTimeWeaver setup: ignoring JPA class transformer
2025-01-20T00:48:05.602+01:00  INFO 3552 --- [main] com.zaxxer.hikari.HikariDataSource       : HikariPool-1 - Starting...
2025-01-20T00:48:05.788+01:00  INFO 3552 --- [main] com.zaxxer.hikari.pool.HikariPool        : HikariPool-1 - Added connection com.mysql.cj.jdbc.ConnectionImpl@14656be5
2025-01-20T00:48:05.790+01:00  INFO 3552 --- [main] com.zaxxer.hikari.HikariDataSource       : HikariPool-1 - Start completed.
2025-01-20T00:48:05.838+01:00  WARN 3552 --- [main] org.hibernate.dialect.Dialect            : HHH000511: The 5.5.0 version for [org.hibernate.dialect.MySQLDialect] is no longer supported, hence certain features may not work properly. The minimum supported version is 5.7.0. Check the community dialects project for available legacy versions.
2025-01-20T00:48:06.150+01:00  INFO 3552 --- [main] o.h.b.i.BytecodeProviderInitiator        : HHH000021: Bytecode provider name : bytebuddy
2025-01-20T00:48:07.111+01:00  INFO 3552 --- [main] o.h.e.t.j.p.i.JtaPlatformInitiator       : HHH000490: Using JtaPlatform implementation: [org.hibernate.engine.transaction.jta.platform.internal.NoJtaPlatform]
2025-01-20T00:48:07.554+01:00  INFO 3552 --- [main] j.LocalContainerEntityManagerFactoryBean : Initialized JPA EntityManagerFactory for persistence unit 'default'
2025-01-20T00:48:07.964+01:00  INFO 3552 --- [main] o.s.d.j.r.query.QueryEnhancerFactory     : Hibernate is in classpath; If applicable, HQL parser will be used.
2025-01-20T00:48:08.519+01:00 DEBUG 3552 --- [main] c.Fahde.config.JwtAuthenticationFilter   : Filter 'jwtAuthenticationFilter' configured for use
2025-01-20T00:48:08.873+01:00  WARN 3552 --- [main] JpaBaseConfiguration$JpaWebConfiguration : spring.jpa.open-in-view is enabled by default. Therefore, database queries may be performed during view rendering. Explicitly configure spring.jpa.open-in-view to disable this warning
2025-01-20T00:48:09.218+01:00  INFO 3552 --- [main] o.s.s.web.DefaultSecurityFilterChain     : Will secure any request with [org.springframework.security.web.session.DisableEncodeUrlFilter@78e3bebd, org.springframework.security.web.context.request.async.WebAsyncManagerIntegrationFilter@4f0b02a3, org.springframework.security.web.context.SecurityContextHolderFilter@112d94d, org.springframework.security.web.header.HeaderWriterFilter@5f36ba0f, org.springframework.security.web.authentication.logout.LogoutFilter@1afea182, com.Fahde.config.JwtAuthenticationFilter@1cd7bc66, org.springframework.security.web.savedrequest.RequestCacheAwareFilter@42f40ad0, org.springframework.security.web.servletapi.SecurityContextHolderAwareRequestFilter@5572be5a, org.springframework.security.web.authentication.AnonymousAuthenticationFilter@3d3a3738, org.springframework.security.web.session.SessionManagementFilter@434896b0, org.springframework.security.web.access.ExceptionTranslationFilter@e1f17e6, org.springframework.security.web.access.intercept.AuthorizationFilter@53bc8c7e]
2025-01-20T00:48:09.586+01:00  INFO 3552 --- [main] o.s.b.w.embedded.tomcat.TomcatWebServer  : Tomcat started on port(s): 8080 (http) with context path ''
2025-01-20T00:48:09.595+01:00  INFO 3552 --- [main] com.Fahde.ERMS                           : Started ERMS in 7.938 seconds (process running for 8.897)
2025-01-20T00:48:43.908+01:00  INFO 3552 --- [http-nio-8080-exec-1] o.a.c.c.C.[Tomcat].[localhost].[/]       : Initializing Spring DispatcherServlet 'dispatcherServlet'
2025-01-20T00:48:43.909+01:00  INFO 3552 --- [http-nio-8080-exec-1] o.s.web.servlet.DispatcherServlet        : Initializing Servlet 'dispatcherServlet'
2025-01-20T00:48:43.910+01:00  INFO 3552 --- [http-nio-8080-exec-1] o.s.web.servlet.DispatcherServlet        : Completed initialization in 1 ms
2025-01-20T00:49:33.411+01:00  INFO 3552 --- [SpringApplicationShutdownHook] j.LocalContainerEntityManagerFactoryBean : Closing JPA EntityManagerFactory for persistence unit 'default'
2025-01-20T00:49:33.414+01:00  INFO 3552 --- [SpringApplicationShutdownHook] com.zaxxer.hikari.HikariDataSource       : HikariPool-1 - Shutdown initiated...
2025-01-20T00:49:33.423+01:00  INFO 3552 --- [SpringApplicationShutdownHook] com.zaxxer.hikari.HikariDataSource       : HikariPool-1 - Shutdown completed.
2025-01-20T00:49:39.210+01:00  INFO 18192 --- [main] com.Fahde.ERMS                           : Starting ERMS using Java 22.0.2 with PID 18192 (D:\Spring boot security\Employee Records Management System\target\classes started by Fahde in D:\Spring boot security\Employee Records Management System)
2025-01-20T00:49:39.211+01:00 DEBUG 18192 --- [main] com.Fahde.ERMS                           : Running with Spring Boot v3.1.4, Spring v6.0.12
2025-01-20T00:49:39.212+01:00  INFO 18192 --- [main] com.Fahde.ERMS                           : No active profile set, falling back to 1 default profile: "default"
2025-01-20T00:49:39.990+01:00  INFO 18192 --- [main] .s.d.r.c.RepositoryConfigurationDelegate : Bootstrapping Spring Data JPA repositories in DEFAULT mode.
2025-01-20T00:49:40.066+01:00  INFO 18192 --- [main] .s.d.r.c.RepositoryConfigurationDelegate : Finished Spring Data repository scanning in 68 ms. Found 4 JPA repository interfaces.
2025-01-20T00:49:40.693+01:00  INFO 18192 --- [main] o.s.b.w.embedded.tomcat.TomcatWebServer  : Tomcat initialized with port(s): 8080 (http)
2025-01-20T00:49:40.703+01:00  INFO 18192 --- [main] o.apache.catalina.core.StandardService   : Starting service [Tomcat]
2025-01-20T00:49:40.703+01:00  INFO 18192 --- [main] o.apache.catalina.core.StandardEngine    : Starting Servlet engine: [Apache Tomcat/10.1.13]
2025-01-20T00:49:40.799+01:00  INFO 18192 --- [main] o.a.c.c.C.[Tomcat].[localhost].[/]       : Initializing Spring embedded WebApplicationContext
2025-01-20T00:49:40.800+01:00  INFO 18192 --- [main] w.s.c.ServletWebServerApplicationContext : Root WebApplicationContext: initialization completed in 1537 ms
2025-01-20T00:49:40.933+01:00  INFO 18192 --- [main] o.hibernate.jpa.internal.util.LogHelper  : HHH000204: Processing PersistenceUnitInfo [name: default]
2025-01-20T00:49:41.016+01:00  INFO 18192 --- [main] org.hibernate.Version                    : HHH000412: Hibernate ORM core version 6.2.9.Final
2025-01-20T00:49:41.019+01:00  INFO 18192 --- [main] org.hibernate.cfg.Environment            : HHH000406: Using bytecode reflection optimizer
2025-01-20T00:49:41.162+01:00  INFO 18192 --- [main] o.h.b.i.BytecodeProviderInitiator        : HHH000021: Bytecode provider name : bytebuddy
2025-01-20T00:49:41.301+01:00  INFO 18192 --- [main] o.s.o.j.p.SpringPersistenceUnitInfo      : No LoadTimeWeaver setup: ignoring JPA class transformer
2025-01-20T00:49:41.318+01:00  INFO 18192 --- [main] com.zaxxer.hikari.HikariDataSource       : HikariPool-1 - Starting...
2025-01-20T00:49:41.470+01:00  INFO 18192 --- [main] com.zaxxer.hikari.pool.HikariPool        : HikariPool-1 - Added connection com.mysql.cj.jdbc.ConnectionImpl@3eec8583
2025-01-20T00:49:41.471+01:00  INFO 18192 --- [main] com.zaxxer.hikari.HikariDataSource       : HikariPool-1 - Start completed.
2025-01-20T00:49:41.513+01:00  WARN 18192 --- [main] org.hibernate.dialect.Dialect            : HHH000511: The 5.5.0 version for [org.hibernate.dialect.MySQLDialect] is no longer supported, hence certain features may not work properly. The minimum supported version is 5.7.0. Check the community dialects project for available legacy versions.
2025-01-20T00:49:41.786+01:00  INFO 18192 --- [main] o.h.b.i.BytecodeProviderInitiator        : HHH000021: Bytecode provider name : bytebuddy
2025-01-20T00:49:42.558+01:00  INFO 18192 --- [main] o.h.e.t.j.p.i.JtaPlatformInitiator       : HHH000490: Using JtaPlatform implementation: [org.hibernate.engine.transaction.jta.platform.internal.NoJtaPlatform]
2025-01-20T00:49:42.966+01:00  INFO 18192 --- [main] j.LocalContainerEntityManagerFactoryBean : Initialized JPA EntityManagerFactory for persistence unit 'default'
2025-01-20T00:49:43.317+01:00  INFO 18192 --- [main] o.s.d.j.r.query.QueryEnhancerFactory     : Hibernate is in classpath; If applicable, HQL parser will be used.
2025-01-20T00:49:43.774+01:00 DEBUG 18192 --- [main] c.Fahde.config.JwtAuthenticationFilter   : Filter 'jwtAuthenticationFilter' configured for use
2025-01-20T00:49:44.032+01:00  WARN 18192 --- [main] JpaBaseConfiguration$JpaWebConfiguration : spring.jpa.open-in-view is enabled by default. Therefore, database queries may be performed during view rendering. Explicitly configure spring.jpa.open-in-view to disable this warning
2025-01-20T00:49:44.327+01:00  INFO 18192 --- [main] o.s.s.web.DefaultSecurityFilterChain     : Will secure any request with [org.springframework.security.web.session.DisableEncodeUrlFilter@8ff4795, org.springframework.security.web.context.request.async.WebAsyncManagerIntegrationFilter@19bdfa3e, org.springframework.security.web.context.SecurityContextHolderFilter@2e5d40a4, org.springframework.security.web.header.HeaderWriterFilter@e1f17e6, org.springframework.security.web.authentication.logout.LogoutFilter@6195e7d5, com.Fahde.config.JwtAuthenticationFilter@509e4bc4, org.springframework.security.web.savedrequest.RequestCacheAwareFilter@112d94d, org.springframework.security.web.servletapi.SecurityContextHolderAwareRequestFilter@42f40ad0, org.springframework.security.web.authentication.AnonymousAuthenticationFilter@78e3bebd, org.springframework.security.web.session.SessionManagementFilter@243b8682, org.springframework.security.web.access.ExceptionTranslationFilter@39584147, org.springframework.security.web.access.intercept.AuthorizationFilter@58e9375b]
2025-01-20T00:49:44.654+01:00  INFO 18192 --- [main] o.s.b.w.embedded.tomcat.TomcatWebServer  : Tomcat started on port(s): 8080 (http) with context path ''
2025-01-20T00:49:44.662+01:00  INFO 18192 --- [main] com.Fahde.ERMS                           : Started ERMS in 5.927 seconds (process running for 6.628)
2025-01-20T00:49:56.207+01:00  INFO 18192 --- [http-nio-8080-exec-1] o.a.c.c.C.[Tomcat].[localhost].[/]       : Initializing Spring DispatcherServlet 'dispatcherServlet'
2025-01-20T00:49:56.207+01:00  INFO 18192 --- [http-nio-8080-exec-1] o.s.web.servlet.DispatcherServlet        : Initializing Servlet 'dispatcherServlet'
2025-01-20T00:49:56.209+01:00  INFO 18192 --- [http-nio-8080-exec-1] o.s.web.servlet.DispatcherServlet        : Completed initialization in 1 ms
2025-01-20T00:50:22.503+01:00  INFO 18192 --- [SpringApplicationShutdownHook] j.LocalContainerEntityManagerFactoryBean : Closing JPA EntityManagerFactory for persistence unit 'default'
2025-01-20T00:50:22.505+01:00  INFO 18192 --- [SpringApplicationShutdownHook] com.zaxxer.hikari.HikariDataSource       : HikariPool-1 - Shutdown initiated...
2025-01-20T00:50:22.512+01:00  INFO 18192 --- [SpringApplicationShutdownHook] com.zaxxer.hikari.HikariDataSource       : HikariPool-1 - Shutdown completed.
2025-01-20T00:50:27.610+01:00  INFO 15276 --- [main] com.Fahde.ERMS                           : Starting ERMS using Java 22.0.2 with PID 15276 (D:\Spring boot security\Employee Records Management System\target\classes started by Fahde in D:\Spring boot security\Employee Records Management System)
2025-01-20T00:50:27.611+01:00 DEBUG 15276 --- [main] com.Fahde.ERMS                           : Running with Spring Boot v3.1.4, Spring v6.0.12
2025-01-20T00:50:27.612+01:00  INFO 15276 --- [main] com.Fahde.ERMS                           : No active profile set, falling back to 1 default profile: "default"
2025-01-20T00:50:28.344+01:00  INFO 15276 --- [main] .s.d.r.c.RepositoryConfigurationDelegate : Bootstrapping Spring Data JPA repositories in DEFAULT mode.
2025-01-20T00:50:28.417+01:00  INFO 15276 --- [main] .s.d.r.c.RepositoryConfigurationDelegate : Finished Spring Data repository scanning in 66 ms. Found 4 JPA repository interfaces.
2025-01-20T00:50:28.991+01:00  INFO 15276 --- [main] o.s.b.w.embedded.tomcat.TomcatWebServer  : Tomcat initialized with port(s): 8080 (http)
2025-01-20T00:50:28.999+01:00  INFO 15276 --- [main] o.apache.catalina.core.StandardService   : Starting service [Tomcat]
2025-01-20T00:50:29.000+01:00  INFO 15276 --- [main] o.apache.catalina.core.StandardEngine    : Starting Servlet engine: [Apache Tomcat/10.1.13]
2025-01-20T00:50:29.081+01:00  INFO 15276 --- [main] o.a.c.c.C.[Tomcat].[localhost].[/]       : Initializing Spring embedded WebApplicationContext
2025-01-20T00:50:29.082+01:00  INFO 15276 --- [main] w.s.c.ServletWebServerApplicationContext : Root WebApplicationContext: initialization completed in 1419 ms
2025-01-20T00:50:29.208+01:00  INFO 15276 --- [main] o.hibernate.jpa.internal.util.LogHelper  : HHH000204: Processing PersistenceUnitInfo [name: default]
2025-01-20T00:50:29.270+01:00  INFO 15276 --- [main] org.hibernate.Version                    : HHH000412: Hibernate ORM core version 6.2.9.Final
2025-01-20T00:50:29.278+01:00  INFO 15276 --- [main] org.hibernate.cfg.Environment            : HHH000406: Using bytecode reflection optimizer
2025-01-20T00:50:29.397+01:00  INFO 15276 --- [main] o.h.b.i.BytecodeProviderInitiator        : HHH000021: Bytecode provider name : bytebuddy
2025-01-20T00:50:29.521+01:00  INFO 15276 --- [main] o.s.o.j.p.SpringPersistenceUnitInfo      : No LoadTimeWeaver setup: ignoring JPA class transformer
2025-01-20T00:50:29.536+01:00  INFO 15276 --- [main] com.zaxxer.hikari.HikariDataSource       : HikariPool-1 - Starting...
2025-01-20T00:50:29.677+01:00  INFO 15276 --- [main] com.zaxxer.hikari.pool.HikariPool        : HikariPool-1 - Added connection com.mysql.cj.jdbc.ConnectionImpl@298263fa
2025-01-20T00:50:29.680+01:00  INFO 15276 --- [main] com.zaxxer.hikari.HikariDataSource       : HikariPool-1 - Start completed.
2025-01-20T00:50:29.718+01:00  WARN 15276 --- [main] org.hibernate.dialect.Dialect            : HHH000511: The 5.5.0 version for [org.hibernate.dialect.MySQLDialect] is no longer supported, hence certain features may not work properly. The minimum supported version is 5.7.0. Check the community dialects project for available legacy versions.
2025-01-20T00:50:29.963+01:00  INFO 15276 --- [main] o.h.b.i.BytecodeProviderInitiator        : HHH000021: Bytecode provider name : bytebuddy
2025-01-20T00:50:30.657+01:00  INFO 15276 --- [main] o.h.e.t.j.p.i.JtaPlatformInitiator       : HHH000490: Using JtaPlatform implementation: [org.hibernate.engine.transaction.jta.platform.internal.NoJtaPlatform]
2025-01-20T00:50:31.039+01:00  INFO 15276 --- [main] j.LocalContainerEntityManagerFactoryBean : Initialized JPA EntityManagerFactory for persistence unit 'default'
2025-01-20T00:50:31.375+01:00  INFO 15276 --- [main] o.s.d.j.r.query.QueryEnhancerFactory     : Hibernate is in classpath; If applicable, HQL parser will be used.
2025-01-20T00:50:31.797+01:00 DEBUG 15276 --- [main] c.Fahde.config.JwtAuthenticationFilter   : Filter 'jwtAuthenticationFilter' configured for use
2025-01-20T00:50:32.060+01:00  WARN 15276 --- [main] JpaBaseConfiguration$JpaWebConfiguration : spring.jpa.open-in-view is enabled by default. Therefore, database queries may be performed during view rendering. Explicitly configure spring.jpa.open-in-view to disable this warning
2025-01-20T00:50:32.361+01:00  INFO 15276 --- [main] o.s.s.web.DefaultSecurityFilterChain     : Will secure any request with [org.springframework.security.web.session.DisableEncodeUrlFilter@55b56db3, org.springframework.security.web.context.request.async.WebAsyncManagerIntegrationFilter@1c697ca0, org.springframework.security.web.context.SecurityContextHolderFilter@700b9a54, org.springframework.security.web.header.HeaderWriterFilter@76ad0058, org.springframework.security.web.authentication.logout.LogoutFilter@d7d984c, com.Fahde.config.JwtAuthenticationFilter@3aee72d8, org.springframework.security.web.savedrequest.RequestCacheAwareFilter@1ca574db, org.springframework.security.web.servletapi.SecurityContextHolderAwareRequestFilter@7fd65f9a, org.springframework.security.web.authentication.AnonymousAuthenticationFilter@2af5eab6, org.springframework.security.web.session.SessionManagementFilter@423ddfe1, org.springframework.security.web.access.ExceptionTranslationFilter@34775090, org.springframework.security.web.access.intercept.AuthorizationFilter@4ba056ab]
2025-01-20T00:50:32.702+01:00  INFO 15276 --- [main] o.s.b.w.embedded.tomcat.TomcatWebServer  : Tomcat started on port(s): 8080 (http) with context path ''
2025-01-20T00:50:32.709+01:00  INFO 15276 --- [main] com.Fahde.ERMS                           : Started ERMS in 5.554 seconds (process running for 6.195)
2025-01-20T00:50:42.075+01:00  INFO 15276 --- [http-nio-8080-exec-2] o.a.c.c.C.[Tomcat].[localhost].[/]       : Initializing Spring DispatcherServlet 'dispatcherServlet'
2025-01-20T00:50:42.076+01:00  INFO 15276 --- [http-nio-8080-exec-2] o.s.web.servlet.DispatcherServlet        : Initializing Servlet 'dispatcherServlet'
2025-01-20T00:50:42.077+01:00  INFO 15276 --- [http-nio-8080-exec-2] o.s.web.servlet.DispatcherServlet        : Completed initialization in 1 ms
2025-01-20T00:50:42.624+01:00  INFO 15276 --- [http-nio-8080-exec-2] c.F.Employee.Service.EmployeeService     : Successfully created employee with ID: 1
2025-01-20T00:50:42.627+01:00 DEBUG 15276 --- [http-nio-8080-exec-2] c.F.Employee.Service.EmployeeService     : Saving audit log for employee ID: 1, action: Created Employee
2025-01-20T00:50:42.667+01:00 DEBUG 15276 --- [http-nio-8080-exec-2] c.F.Employee.Service.EmployeeService     : Successfully saved audit log for employee ID: 1
2025-01-20T00:51:51.862+01:00  INFO 15276 --- [http-nio-8080-exec-4] c.F.Employee.Service.EmployeeService     : Fetching employees for user ID: 1 with role: ADMINISTRATOR
2025-01-20T00:51:51.863+01:00 DEBUG 15276 --- [http-nio-8080-exec-4] c.F.Employee.Service.EmployeeService     : Fetching all employees for admin/HR role
2025-01-20T00:51:51.871+01:00  INFO 15276 --- [http-nio-8080-exec-4] c.F.Employee.Service.EmployeeService     : Retrieved 1 employees
2025-01-20T00:52:49.163+01:00  INFO 15276 --- [SpringApplicationShutdownHook] j.LocalContainerEntityManagerFactoryBean : Closing JPA EntityManagerFactory for persistence unit 'default'
2025-01-20T00:52:49.165+01:00  INFO 15276 --- [SpringApplicationShutdownHook] com.zaxxer.hikari.HikariDataSource       : HikariPool-1 - Shutdown initiated...
2025-01-20T00:52:49.177+01:00  INFO 15276 --- [SpringApplicationShutdownHook] com.zaxxer.hikari.HikariDataSource       : HikariPool-1 - Shutdown completed.
2025-01-20T00:52:54.668+01:00  INFO 4768 --- [main] com.Fahde.ERMS                           : Starting ERMS using Java 22.0.2 with PID 4768 (D:\Spring boot security\Employee Records Management System\target\classes started by Fahde in D:\Spring boot security\Employee Records Management System)
2025-01-20T00:52:54.669+01:00 DEBUG 4768 --- [main] com.Fahde.ERMS                           : Running with Spring Boot v3.1.4, Spring v6.0.12
2025-01-20T00:52:54.670+01:00  INFO 4768 --- [main] com.Fahde.ERMS                           : No active profile set, falling back to 1 default profile: "default"
2025-01-20T00:52:55.429+01:00  INFO 4768 --- [main] .s.d.r.c.RepositoryConfigurationDelegate : Bootstrapping Spring Data JPA repositories in DEFAULT mode.
2025-01-20T00:52:55.506+01:00  INFO 4768 --- [main] .s.d.r.c.RepositoryConfigurationDelegate : Finished Spring Data repository scanning in 69 ms. Found 4 JPA repository interfaces.
2025-01-20T00:52:56.132+01:00  INFO 4768 --- [main] o.s.b.w.embedded.tomcat.TomcatWebServer  : Tomcat initialized with port(s): 8080 (http)
2025-01-20T00:52:56.143+01:00  INFO 4768 --- [main] o.apache.catalina.core.StandardService   : Starting service [Tomcat]
2025-01-20T00:52:56.143+01:00  INFO 4768 --- [main] o.apache.catalina.core.StandardEngine    : Starting Servlet engine: [Apache Tomcat/10.1.13]
2025-01-20T00:52:56.234+01:00  INFO 4768 --- [main] o.a.c.c.C.[Tomcat].[localhost].[/]       : Initializing Spring embedded WebApplicationContext
2025-01-20T00:52:56.234+01:00  INFO 4768 --- [main] w.s.c.ServletWebServerApplicationContext : Root WebApplicationContext: initialization completed in 1514 ms
2025-01-20T00:52:56.391+01:00  INFO 4768 --- [main] o.hibernate.jpa.internal.util.LogHelper  : HHH000204: Processing PersistenceUnitInfo [name: default]
2025-01-20T00:52:56.486+01:00  INFO 4768 --- [main] org.hibernate.Version                    : HHH000412: Hibernate ORM core version 6.2.9.Final
2025-01-20T00:52:56.490+01:00  INFO 4768 --- [main] org.hibernate.cfg.Environment            : HHH000406: Using bytecode reflection optimizer
2025-01-20T00:52:56.639+01:00  INFO 4768 --- [main] o.h.b.i.BytecodeProviderInitiator        : HHH000021: Bytecode provider name : bytebuddy
2025-01-20T00:52:56.780+01:00  INFO 4768 --- [main] o.s.o.j.p.SpringPersistenceUnitInfo      : No LoadTimeWeaver setup: ignoring JPA class transformer
2025-01-20T00:52:56.796+01:00  INFO 4768 --- [main] com.zaxxer.hikari.HikariDataSource       : HikariPool-1 - Starting...
2025-01-20T00:52:56.952+01:00  INFO 4768 --- [main] com.zaxxer.hikari.pool.HikariPool        : HikariPool-1 - Added connection com.mysql.cj.jdbc.ConnectionImpl@1cc9bd9b
2025-01-20T00:52:56.954+01:00  INFO 4768 --- [main] com.zaxxer.hikari.HikariDataSource       : HikariPool-1 - Start completed.
2025-01-20T00:52:56.996+01:00  WARN 4768 --- [main] org.hibernate.dialect.Dialect            : HHH000511: The 5.5.0 version for [org.hibernate.dialect.MySQLDialect] is no longer supported, hence certain features may not work properly. The minimum supported version is 5.7.0. Check the community dialects project for available legacy versions.
2025-01-20T00:52:57.260+01:00  INFO 4768 --- [main] o.h.b.i.BytecodeProviderInitiator        : HHH000021: Bytecode provider name : bytebuddy
2025-01-20T00:52:58.358+01:00  INFO 4768 --- [main] o.h.e.t.j.p.i.JtaPlatformInitiator       : HHH000490: Using JtaPlatform implementation: [org.hibernate.engine.transaction.jta.platform.internal.NoJtaPlatform]
2025-01-20T00:52:58.851+01:00  INFO 4768 --- [main] j.LocalContainerEntityManagerFactoryBean : Initialized JPA EntityManagerFactory for persistence unit 'default'
2025-01-20T00:52:59.183+01:00  INFO 4768 --- [main] o.s.d.j.r.query.QueryEnhancerFactory     : Hibernate is in classpath; If applicable, HQL parser will be used.
2025-01-20T00:52:59.652+01:00 DEBUG 4768 --- [main] c.Fahde.config.JwtAuthenticationFilter   : Filter 'jwtAuthenticationFilter' configured for use
2025-01-20T00:52:59.919+01:00  WARN 4768 --- [main] JpaBaseConfiguration$JpaWebConfiguration : spring.jpa.open-in-view is enabled by default. Therefore, database queries may be performed during view rendering. Explicitly configure spring.jpa.open-in-view to disable this warning
2025-01-20T00:53:00.207+01:00  INFO 4768 --- [main] o.s.s.web.DefaultSecurityFilterChain     : Will secure any request with [org.springframework.security.web.session.DisableEncodeUrlFilter@6e832c9, org.springframework.security.web.context.request.async.WebAsyncManagerIntegrationFilter@42f40ad0, org.springframework.security.web.context.SecurityContextHolderFilter@48ac4201, org.springframework.security.web.header.HeaderWriterFilter@23ac3788, org.springframework.security.web.authentication.logout.LogoutFilter@76ad0058, com.Fahde.config.JwtAuthenticationFilter@54ad9ff9, org.springframework.security.web.savedrequest.RequestCacheAwareFilter@5f324d9f, org.springframework.security.web.servletapi.SecurityContextHolderAwareRequestFilter@2aa143ba, org.springframework.security.web.authentication.AnonymousAuthenticationFilter@423ddfe1, org.springframework.security.web.session.SessionManagementFilter@1e7b277a, org.springframework.security.web.access.ExceptionTranslationFilter@3a1eb893, org.springframework.security.web.access.intercept.AuthorizationFilter@2e5d40a4]
2025-01-20T00:53:00.550+01:00  INFO 4768 --- [main] o.s.b.w.embedded.tomcat.TomcatWebServer  : Tomcat started on port(s): 8080 (http) with context path ''
2025-01-20T00:53:00.557+01:00  INFO 4768 --- [main] com.Fahde.ERMS                           : Started ERMS in 6.36 seconds (process running for 7.111)
2025-01-20T00:53:13.676+01:00  INFO 4768 --- [http-nio-8080-exec-1] o.a.c.c.C.[Tomcat].[localhost].[/]       : Initializing Spring DispatcherServlet 'dispatcherServlet'
2025-01-20T00:53:13.676+01:00  INFO 4768 --- [http-nio-8080-exec-1] o.s.web.servlet.DispatcherServlet        : Initializing Servlet 'dispatcherServlet'
2025-01-20T00:53:13.678+01:00  INFO 4768 --- [http-nio-8080-exec-1] o.s.web.servlet.DispatcherServlet        : Completed initialization in 2 ms
2025-01-20T00:53:14.000+01:00  INFO 4768 --- [http-nio-8080-exec-1] c.F.Employee.Service.EmployeeService     : Successfully created employee with ID: 1
2025-01-20T00:53:14.006+01:00 DEBUG 4768 --- [http-nio-8080-exec-1] c.F.Employee.Service.EmployeeService     : Saving audit log for employee ID: 1, action: Created Employee
2025-01-20T00:53:14.024+01:00 DEBUG 4768 --- [http-nio-8080-exec-1] c.F.Employee.Service.EmployeeService     : Successfully saved audit log for employee ID: 1
2025-01-20T00:53:18.940+01:00  INFO 4768 --- [http-nio-8080-exec-3] c.F.Employee.Service.EmployeeService     : Fetching employees for user ID: 1 with role: ADMINISTRATOR
2025-01-20T00:53:18.940+01:00 DEBUG 4768 --- [http-nio-8080-exec-3] c.F.Employee.Service.EmployeeService     : Fetching all employees for admin/HR role
2025-01-20T00:53:18.949+01:00  INFO 4768 --- [http-nio-8080-exec-3] c.F.Employee.Service.EmployeeService     : Retrieved 1 employees
2025-01-20T00:53:29.609+01:00  INFO 4768 --- [http-nio-8080-exec-4] c.F.Employee.Service.EmployeeService     : Fetching employees for user ID: 3 with role: HR_PERSONNEL
2025-01-20T00:53:29.610+01:00 DEBUG 4768 --- [http-nio-8080-exec-4] c.F.Employee.Service.EmployeeService     : Fetching all employees for admin/HR role
2025-01-20T00:53:29.612+01:00  INFO 4768 --- [http-nio-8080-exec-4] c.F.Employee.Service.EmployeeService     : Retrieved 1 employees
2025-01-20T00:55:04.115+01:00  INFO 4768 --- [SpringApplicationShutdownHook] j.LocalContainerEntityManagerFactoryBean : Closing JPA EntityManagerFactory for persistence unit 'default'
2025-01-20T00:55:04.118+01:00  INFO 4768 --- [SpringApplicationShutdownHook] com.zaxxer.hikari.HikariDataSource       : HikariPool-1 - Shutdown initiated...
2025-01-20T00:55:04.129+01:00  INFO 4768 --- [SpringApplicationShutdownHook] com.zaxxer.hikari.HikariDataSource       : HikariPool-1 - Shutdown completed.
